# JRE version: OpenJDK Runtime Environment (18.0.2.1+1) (build 18.0.2.1+1-1)
# Java VM: OpenJDK 64-Bit Server VM (18.0.2.1+1-1, mixed mode, sharing, tiered, compressed oops, compressed class ptrs, g1 gc, windows-amd64)
GC Precious Log:
 CardTable entry size: 512
 Card Set container configuration: InlinePtr #cards 5 size 8 Array Of Cards #cards 12 size 40 Howl #buckets 4 coarsen threshold 1843 Howl Bitmap #cards 512 size 80 coarsen threshold 460 Card regions per heap region 1 cards per card region 2048
 CPUs: 4 total, 4 available
 Memory: 3877M
 Large Page Support: Disabled
 NUMA Support: Disabled
 Compressed Oops: Enabled (32-bit)
 Heap Region Size: 1M
 Heap Min Capacity: 8M
 Heap Initial Capacity: 62M
 Heap Max Capacity: 970M
 Pre-touch: Disabled
 Parallel Workers: 4
 Concurrent Workers: 1
 Concurrent Refinement Workers: 4
 Periodic GC: Disabled
Heap:
 garbage-first heap   total 61440K, used 31976K [0x00000000c3600000, 0x0000000100000000)
  region size 1024K, 3 young (3072K), 2 survivors (2048K)
 Metaspace       used 59375K, committed 60032K, reserved 1114112K
  class space    used 7531K, committed 7872K, reserved 1048576K
GC Heap History (20 events):
Event: 337.813 GC heap before
{Heap before GC invocations=21 (full 0):
 garbage-first heap   total 61440K, used 49116K [0x00000000c3600000, 0x0000000100000000)
  region size 1024K, 17 young (17408K), 2 survivors (2048K)
 Metaspace       used 56067K, committed 56640K, reserved 1114112K
  class space    used 7268K, committed 7552K, reserved 1048576K
}
Event: 337.884 GC heap after
{Heap after GC invocations=22 (full 0):
 garbage-first heap   total 61440K, used 33951K [0x00000000c3600000, 0x0000000100000000)
  region size 1024K, 2 young (2048K), 2 survivors (2048K)
 Metaspace       used 56067K, committed 56640K, reserved 1114112K
  class space    used 7268K, committed 7552K, reserved 1048576K
}
Event: 787.751 GC heap before
{Heap before GC invocations=22 (full 0):
 garbage-first heap   total 61440K, used 49311K [0x00000000c3600000, 0x0000000100000000)
  region size 1024K, 17 young (17408K), 2 survivors (2048K)
 Metaspace       used 56286K, committed 56832K, reserved 1114112K
  class space    used 7268K, committed 7552K, reserved 1048576K
}
Event: 787.851 GC heap after
{Heap after GC invocations=23 (full 0):
 garbage-first heap   total 61440K, used 34061K [0x00000000c3600000, 0x0000000100000000)
  region size 1024K, 1 young (1024K), 1 survivors (1024K)
 Metaspace       used 56286K, committed 56832K, reserved 1114112K
  class space    used 7268K, committed 7552K, reserved 1048576K
}
Event: 931.023 GC heap before
{Heap before GC invocations=24 (full 0):
 garbage-first heap   total 61440K, used 49421K [0x00000000c3600000, 0x0000000100000000)
  region size 1024K, 17 young (17408K), 1 survivors (1024K)
 Metaspace       used 59042K, committed 59648K, reserved 1114112K
  class space    used 7584K, committed 7872K, reserved 1048576K
}
Event: 931.054 GC heap after
{Heap after GC invocations=25 (full 0):
 garbage-first heap   total 61440K, used 34781K [0x00000000c3600000, 0x0000000100000000)
  region size 1024K, 2 young (2048K), 2 survivors (2048K)
 Metaspace       used 59042K, committed 59648K, reserved 1114112K
  class space    used 7584K, committed 7872K, reserved 1048576K
}
Event: 960.105 GC heap before
{Heap before GC invocations=25 (full 0):
 garbage-first heap   total 61440K, used 35805K [0x00000000c3600000, 0x0000000100000000)
  region size 1024K, 3 young (3072K), 2 survivors (2048K)
 Metaspace       used 59052K, committed 59648K, reserved 1114112K
  class space    used 7584K, committed 7872K, reserved 1048576K
}
Event: 960.153 GC heap after
{Heap after GC invocations=26 (full 0):
 garbage-first heap   total 61440K, used 33769K [0x00000000c3600000, 0x0000000100000000)
  region size 1024K, 1 young (1024K), 1 survivors (1024K)
 Metaspace       used 59052K, committed 59648K, reserved 1114112K
  class space    used 7584K, committed 7872K, reserved 1048576K
}
Event: 1348.618 GC heap before
{Heap before GC invocations=26 (full 0):
 garbage-first heap   total 61440K, used 50153K [0x00000000c3600000, 0x0000000100000000)
  region size 1024K, 17 young (17408K), 1 survivors (1024K)
 Metaspace       used 59200K, committed 59776K, reserved 1114112K
  class space    used 7584K, committed 7872K, reserved 1048576K
}
Event: 1348.716 GC heap after
{Heap after GC invocations=27 (full 0):
 garbage-first heap   total 61440K, used 33829K [0x00000000c3600000, 0x0000000100000000)
  region size 1024K, 1 young (1024K), 1 survivors (1024K)
 Metaspace       used 59200K, committed 59776K, reserved 1114112K
  class space    used 7584K, committed 7872K, reserved 1048576K
}
Event: 1825.606 GC heap before
{Heap before GC invocations=28 (full 0):
 garbage-first heap   total 61440K, used 50213K [0x00000000c3600000, 0x0000000100000000)
  region size 1024K, 18 young (18432K), 1 survivors (1024K)
 Metaspace       used 58965K, committed 59776K, reserved 1114112K
  class space    used 7508K, committed 7872K, reserved 1048576K
}
Event: 1825.709 GC heap after
{Heap after GC invocations=29 (full 0):
 garbage-first heap   total 61440K, used 34086K [0x00000000c3600000, 0x0000000100000000)
  region size 1024K, 1 young (1024K), 1 survivors (1024K)
 Metaspace       used 58965K, committed 59776K, reserved 1114112K
  class space    used 7508K, committed 7872K, reserved 1048576K
}
Event: 1882.665 GC heap before
{Heap before GC invocations=29 (full 0):
 garbage-first heap   total 61440K, used 36134K [0x00000000c3600000, 0x0000000100000000)
  region size 1024K, 3 young (3072K), 1 survivors (1024K)
 Metaspace       used 58967K, committed 59776K, reserved 1114112K
  class space    used 7508K, committed 7872K, reserved 1048576K
}
Event: 1882.790 GC heap after
{Heap after GC invocations=30 (full 0):
 garbage-first heap   total 61440K, used 31736K [0x00000000c3600000, 0x0000000100000000)
  region size 1024K, 1 young (1024K), 1 survivors (1024K)
 Metaspace       used 58967K, committed 59776K, reserved 1114112K
  class space    used 7508K, committed 7872K, reserved 1048576K
}
Event: 1937.082 GC heap before
{Heap before GC invocations=30 (full 0):
 garbage-first heap   total 61440K, used 33784K [0x00000000c3600000, 0x0000000100000000)
  region size 1024K, 3 young (3072K), 1 survivors (1024K)
 Metaspace       used 58981K, committed 59776K, reserved 1114112K
  class space    used 7508K, committed 7872K, reserved 1048576K
}
Event: 1937.215 GC heap after
{Heap after GC invocations=31 (full 0):
 garbage-first heap   total 61440K, used 31388K [0x00000000c3600000, 0x0000000100000000)
  region size 1024K, 1 young (1024K), 1 survivors (1024K)
 Metaspace       used 58981K, committed 59776K, reserved 1114112K
  class space    used 7508K, committed 7872K, reserved 1048576K
}
Event: 2371.244 GC heap before
{Heap before GC invocations=31 (full 0):
 garbage-first heap   total 61440K, used 50844K [0x00000000c3600000, 0x0000000100000000)
  region size 1024K, 20 young (20480K), 1 survivors (1024K)
 Metaspace       used 59064K, committed 59776K, reserved 1114112K
  class space    used 7511K, committed 7872K, reserved 1048576K
}
Event: 2371.329 GC heap after
{Heap after GC invocations=32 (full 0):
 garbage-first heap   total 61440K, used 31253K [0x00000000c3600000, 0x0000000100000000)
  region size 1024K, 1 young (1024K), 1 survivors (1024K)
 Metaspace       used 59064K, committed 59776K, reserved 1114112K
  class space    used 7511K, committed 7872K, reserved 1048576K
}
Event: 2896.227 GC heap before
{Heap before GC invocations=33 (full 0):
 garbage-first heap   total 61440K, used 49685K [0x00000000c3600000, 0x0000000100000000)
  region size 1024K, 20 young (20480K), 1 survivors (1024K)
 Metaspace       used 59374K, committed 60032K, reserved 1114112K
  class space    used 7531K, committed 7872K, reserved 1048576K
}
Event: 2896.397 GC heap after
{Heap after GC invocations=34 (full 0):
 garbage-first heap   total 61440K, used 31976K [0x00000000c3600000, 0x0000000100000000)
  region size 1024K, 2 young (2048K), 2 survivors (2048K)
 Metaspace       used 59374K, committed 60032K, reserved 1114112K
  class space    used 7531K, committed 7872K, reserved 1048576K
}

