# JRE version: OpenJDK Runtime Environment (18.0.2.1+1) (build 18.0.2.1+1-1)
# Java VM: OpenJDK 64-Bit Server VM (18.0.2.1+1-1, mixed mode, sharing, tiered, compressed oops, compressed class ptrs, g1 gc, windows-amd64)
GC Precious Log:
 CardTable entry size: 512
 Card Set container configuration: InlinePtr #cards 5 size 8 Array Of Cards #cards 12 size 40 Howl #buckets 4 coarsen threshold 1843 Howl Bitmap #cards 512 size 80 coarsen threshold 460 Card regions per heap region 1 cards per card region 2048
 CPUs: 4 total, 4 available
 Memory: 3877M
 Large Page Support: Disabled
 NUMA Support: Disabled
 Compressed Oops: Enabled (32-bit)
 Heap Region Size: 1M
 Heap Min Capacity: 8M
 Heap Initial Capacity: 62M
 Heap Max Capacity: 970M
 Pre-touch: Disabled
 Parallel Workers: 4
 Concurrent Workers: 1
 Concurrent Refinement Workers: 4
 Periodic GC: Disabled
Heap:
 garbage-first heap   total 60416K, used 44298K [0x00000000c3600000, 0x0000000100000000)
  region size 1024K, 14 young (14336K), 1 survivors (1024K)
 Metaspace       used 59988K, committed 60416K, reserved 1114112K
  class space    used 7600K, committed 7808K, reserved 1048576K
GC Heap History (20 events):
Event: 826.180 GC heap before
{Heap before GC invocations=27 (full 0):
 garbage-first heap   total 60416K, used 49071K [0x00000000c3600000, 0x0000000100000000)
  region size 1024K, 16 young (16384K), 1 survivors (1024K)
 Metaspace       used 56213K, committed 56768K, reserved 1114112K
  class space    used 7261K, committed 7488K, reserved 1048576K
}
Event: 826.244 GC heap after
{Heap after GC invocations=28 (full 0):
 garbage-first heap   total 60416K, used 33711K [0x00000000c3600000, 0x0000000100000000)
  region size 1024K, 1 young (1024K), 1 survivors (1024K)
 Metaspace       used 56213K, committed 56768K, reserved 1114112K
  class space    used 7261K, committed 7488K, reserved 1048576K
}
Event: 853.592 GC heap before
{Heap before GC invocations=28 (full 0):
 garbage-first heap   total 60416K, used 34735K [0x00000000c3600000, 0x0000000100000000)
  region size 1024K, 2 young (2048K), 1 survivors (1024K)
 Metaspace       used 56226K, committed 56768K, reserved 1114112K
  class space    used 7261K, committed 7488K, reserved 1048576K
}
Event: 853.690 GC heap after
{Heap after GC invocations=29 (full 0):
 garbage-first heap   total 60416K, used 33131K [0x00000000c3600000, 0x0000000100000000)
  region size 1024K, 1 young (1024K), 1 survivors (1024K)
 Metaspace       used 56226K, committed 56768K, reserved 1114112K
  class space    used 7261K, committed 7488K, reserved 1048576K
}
Event: 1233.957 GC heap before
{Heap before GC invocations=29 (full 0):
 garbage-first heap   total 60416K, used 49515K [0x00000000c3600000, 0x0000000100000000)
  region size 1024K, 17 young (17408K), 1 survivors (1024K)
 Metaspace       used 56378K, committed 56896K, reserved 1114112K
  class space    used 7261K, committed 7488K, reserved 1048576K
}
Event: 1234.006 GC heap after
{Heap after GC invocations=30 (full 0):
 garbage-first heap   total 60416K, used 33333K [0x00000000c3600000, 0x0000000100000000)
  region size 1024K, 1 young (1024K), 1 survivors (1024K)
 Metaspace       used 56378K, committed 56896K, reserved 1114112K
  class space    used 7261K, committed 7488K, reserved 1048576K
}
Event: 1358.686 GC heap before
{Heap before GC invocations=31 (full 0):
 garbage-first heap   total 60416K, used 48693K [0x00000000c3600000, 0x0000000100000000)
  region size 1024K, 17 young (17408K), 1 survivors (1024K)
 Metaspace       used 58485K, committed 58944K, reserved 1114112K
  class space    used 7461K, committed 7680K, reserved 1048576K
}
Event: 1358.732 GC heap after
{Heap after GC invocations=32 (full 0):
 garbage-first heap   total 60416K, used 34775K [0x00000000c3600000, 0x0000000100000000)
  region size 1024K, 2 young (2048K), 2 survivors (2048K)
 Metaspace       used 58485K, committed 58944K, reserved 1114112K
  class space    used 7461K, committed 7680K, reserved 1048576K
}
Event: 1360.944 GC heap before
{Heap before GC invocations=32 (full 0):
 garbage-first heap   total 60416K, used 35799K [0x00000000c3600000, 0x0000000100000000)
  region size 1024K, 3 young (3072K), 2 survivors (2048K)
 Metaspace       used 58495K, committed 58944K, reserved 1114112K
  class space    used 7461K, committed 7680K, reserved 1048576K
}
Event: 1361.036 GC heap after
{Heap after GC invocations=33 (full 0):
 garbage-first heap   total 60416K, used 32457K [0x00000000c3600000, 0x0000000100000000)
  region size 1024K, 1 young (1024K), 1 survivors (1024K)
 Metaspace       used 58495K, committed 58944K, reserved 1114112K
  class space    used 7461K, committed 7680K, reserved 1048576K
}
Event: 1362.113 GC heap before
{Heap before GC invocations=33 (full 0):
 garbage-first heap   total 60416K, used 33481K [0x00000000c3600000, 0x0000000100000000)
  region size 1024K, 2 young (2048K), 1 survivors (1024K)
 Metaspace       used 58529K, committed 59008K, reserved 1114112K
  class space    used 7466K, committed 7680K, reserved 1048576K
}
Event: 1362.140 GC heap after
{Heap after GC invocations=34 (full 0):
 garbage-first heap   total 60416K, used 31325K [0x00000000c3600000, 0x0000000100000000)
  region size 1024K, 1 young (1024K), 1 survivors (1024K)
 Metaspace       used 58529K, committed 59008K, reserved 1114112K
  class space    used 7466K, committed 7680K, reserved 1048576K
}
Event: 1581.814 GC heap before
{Heap before GC invocations=34 (full 0):
 garbage-first heap   total 60416K, used 48733K [0x00000000c3600000, 0x0000000100000000)
  region size 1024K, 18 young (18432K), 1 survivors (1024K)
 Metaspace       used 59548K, committed 60032K, reserved 1114112K
  class space    used 7595K, committed 7808K, reserved 1048576K
}
Event: 1581.859 GC heap after
{Heap after GC invocations=35 (full 0):
 garbage-first heap   total 60416K, used 32158K [0x00000000c3600000, 0x0000000100000000)
  region size 1024K, 1 young (1024K), 1 survivors (1024K)
 Metaspace       used 59548K, committed 60032K, reserved 1114112K
  class space    used 7595K, committed 7808K, reserved 1048576K
}
Event: 2056.371 GC heap before
{Heap before GC invocations=36 (full 0):
 garbage-first heap   total 60416K, used 49566K [0x00000000c3600000, 0x0000000100000000)
  region size 1024K, 18 young (18432K), 1 survivors (1024K)
 Metaspace       used 59757K, committed 60224K, reserved 1114112K
  class space    used 7604K, committed 7808K, reserved 1048576K
}
Event: 2056.497 GC heap after
{Heap after GC invocations=37 (full 0):
 garbage-first heap   total 60416K, used 32234K [0x00000000c3600000, 0x0000000100000000)
  region size 1024K, 1 young (1024K), 1 survivors (1024K)
 Metaspace       used 59757K, committed 60224K, reserved 1114112K
  class space    used 7604K, committed 7808K, reserved 1048576K
}
Event: 2082.915 GC heap before
{Heap before GC invocations=37 (full 0):
 garbage-first heap   total 60416K, used 33258K [0x00000000c3600000, 0x0000000100000000)
  region size 1024K, 2 young (2048K), 1 survivors (1024K)
 Metaspace       used 59759K, committed 60224K, reserved 1114112K
  class space    used 7604K, committed 7808K, reserved 1048576K
}
Event: 2082.945 GC heap after
{Heap after GC invocations=38 (full 0):
 garbage-first heap   total 60416K, used 31811K [0x00000000c3600000, 0x0000000100000000)
  region size 1024K, 1 young (1024K), 1 survivors (1024K)
 Metaspace       used 59759K, committed 60224K, reserved 1114112K
  class space    used 7604K, committed 7808K, reserved 1048576K
}
Event: 2477.237 GC heap before
{Heap before GC invocations=38 (full 0):
 garbage-first heap   total 60416K, used 50243K [0x00000000c3600000, 0x0000000100000000)
  region size 1024K, 19 young (19456K), 1 survivors (1024K)
 Metaspace       used 59943K, committed 60416K, reserved 1114112K
  class space    used 7604K, committed 7808K, reserved 1048576K
}
Event: 2477.359 GC heap after
{Heap after GC invocations=39 (full 0):
 garbage-first heap   total 60416K, used 32010K [0x00000000c3600000, 0x0000000100000000)
  region size 1024K, 1 young (1024K), 1 survivors (1024K)
 Metaspace       used 59943K, committed 60416K, reserved 1114112K
  class space    used 7604K, committed 7808K, reserved 1048576K
}

